[debug] > Exec(;project {file:/F:/Big%20data/Api/RestCall/}root; about, None, None)
[debug] > Exec(project {file:/F:/Big%20data/Api/RestCall/}root, None, None)
[info] set current project to RestCall (in build file:/F:/Big%20data/Api/RestCall/)
[debug] > Exec(about, None, None)
[debug] Running task... Cancel: Signal, check cycles: false, forcegc: true
[info] This is sbt 1.9.4
[info] The current project is ProjectRef(uri("file:/F:/Big%20data/Api/RestCall/"), "root") 0.1.0-SNAPSHOT
[info] The current project is built against Scala 2.12.17
[info] Available Plugins
[info]  - org.jetbrains.sbt.IdeaShellPlugin
[info]  - org.jetbrains.sbt.StructurePlugin
[info]  - org.jetbrains.sbt.indices.SbtIntellijIndicesPlugin
[info]  - sbt.ScriptedPlugin
[info]  - sbt.plugins.CorePlugin
[info]  - sbt.plugins.Giter8TemplatePlugin
[info]  - sbt.plugins.IvyPlugin
[info]  - sbt.plugins.JUnitXmlReportPlugin
[info]  - sbt.plugins.JvmPlugin
[info]  - sbt.plugins.MiniDependencyTreePlugin
[info]  - sbt.plugins.SbtPlugin
[info]  - sbt.plugins.SemanticdbPlugin
[info] sbt, sbt plugins, and build definitions are using Scala 2.12.18
[debug] > Exec(idea-shell, None, None)
[debug] > Exec(, None, None)
[debug] > Exec(idea-shell, None, None)
